# JRE version: OpenJDK Runtime Environment (21.0.6) (build 21.0.6+-13391695-b895.109)
# Java VM: OpenJDK 64-Bit Server VM (21.0.6+-13391695-b895.109, mixed mode, tiered, compressed oops, compressed class ptrs, g1 gc, windows-amd64)
GC Precious Log:
 CardTable entry size: 512
 Card Set container configuration: InlinePtr #cards 5 size 8 Array Of Cards #cards 12 size 40 Howl #buckets 4 coarsen threshold 1843 Howl Bitmap #cards 512 size 80 coarsen threshold 460 Card regions per heap region 1 cards per card region 2048
 CPUs: 4 total, 4 available
 Memory: 8136M
 Large Page Support: Disabled
 NUMA Support: Disabled
 Compressed Oops: Enabled (32-bit)
 Heap Region Size: 1M
 Heap Min Capacity: 8M
 Heap Initial Capacity: 128M
 Heap Max Capacity: 2G
 Pre-touch: Disabled
 Parallel Workers: 4
 Concurrent Workers: 1
 Concurrent Refinement Workers: 4
 Periodic GC: Disabled
Heap:
 garbage-first heap   total 460800K, used 331566K [0x0000000080000000, 0x0000000100000000)
  region size 1024K, 61 young (62464K), 11 survivors (11264K)
 Metaspace       used 266238K, committed 268288K, reserved 1310720K
  class space    used 33188K, committed 34176K, reserved 1048576K
GC Heap History (20 events):
Event: 3228.809 GC heap before
{Heap before GC invocations=89 (full 0):
 garbage-first heap   total 368640K, used 346022K [0x0000000080000000, 0x0000000100000000)
  region size 1024K, 143 young (146432K), 7 survivors (7168K)
 Metaspace       used 205978K, committed 207488K, reserved 1245184K
  class space    used 26723K, committed 27456K, reserved 1048576K
}
Event: 3228.841 GC heap after
{Heap after GC invocations=90 (full 0):
 garbage-first heap   total 368640K, used 215325K [0x0000000080000000, 0x0000000100000000)
  region size 1024K, 14 young (14336K), 14 survivors (14336K)
 Metaspace       used 205978K, committed 207488K, reserved 1245184K
  class space    used 26723K, committed 27456K, reserved 1048576K
}
Event: 3230.825 GC heap before
{Heap before GC invocations=90 (full 0):
 garbage-first heap   total 368640K, used 343325K [0x0000000080000000, 0x0000000100000000)
  region size 1024K, 131 young (134144K), 14 survivors (14336K)
 Metaspace       used 210610K, committed 212224K, reserved 1245184K
  class space    used 27267K, committed 28032K, reserved 1048576K
}
Event: 3230.910 GC heap after
{Heap after GC invocations=91 (full 0):
 garbage-first heap   total 388096K, used 231424K [0x0000000080000000, 0x0000000100000000)
  region size 1024K, 17 young (17408K), 17 survivors (17408K)
 Metaspace       used 210610K, committed 212224K, reserved 1245184K
  class space    used 27267K, committed 28032K, reserved 1048576K
}
Event: 3231.597 GC heap before
{Heap before GC invocations=91 (full 0):
 garbage-first heap   total 388096K, used 263168K [0x0000000080000000, 0x0000000100000000)
  region size 1024K, 48 young (49152K), 17 survivors (17408K)
 Metaspace       used 213708K, committed 215232K, reserved 1245184K
  class space    used 27630K, committed 28352K, reserved 1048576K
}
Event: 3231.637 GC heap after
{Heap after GC invocations=92 (full 0):
 garbage-first heap   total 388096K, used 237056K [0x0000000080000000, 0x0000000100000000)
  region size 1024K, 4 young (4096K), 4 survivors (4096K)
 Metaspace       used 213708K, committed 215232K, reserved 1245184K
  class space    used 27630K, committed 28352K, reserved 1048576K
}
Event: 3235.765 GC heap before
{Heap before GC invocations=93 (full 0):
 garbage-first heap   total 406528K, used 347648K [0x0000000080000000, 0x0000000100000000)
  region size 1024K, 106 young (108544K), 4 survivors (4096K)
 Metaspace       used 224720K, committed 226560K, reserved 1310720K
  class space    used 28873K, committed 29760K, reserved 1048576K
}
Event: 3235.786 GC heap after
{Heap after GC invocations=94 (full 0):
 garbage-first heap   total 406528K, used 249641K [0x0000000080000000, 0x0000000100000000)
  region size 1024K, 11 young (11264K), 11 survivors (11264K)
 Metaspace       used 224720K, committed 226560K, reserved 1310720K
  class space    used 28873K, committed 29760K, reserved 1048576K
}
Event: 3237.954 GC heap before
{Heap before GC invocations=94 (full 0):
 garbage-first heap   total 406528K, used 363305K [0x0000000080000000, 0x0000000100000000)
  region size 1024K, 121 young (123904K), 11 survivors (11264K)
 Metaspace       used 233773K, committed 235584K, reserved 1310720K
  class space    used 29959K, committed 30848K, reserved 1048576K
}
Event: 3237.988 GC heap after
{Heap after GC invocations=95 (full 0):
 garbage-first heap   total 406528K, used 249266K [0x0000000080000000, 0x0000000100000000)
  region size 1024K, 14 young (14336K), 14 survivors (14336K)
 Metaspace       used 233773K, committed 235584K, reserved 1310720K
  class space    used 29959K, committed 30848K, reserved 1048576K
}
Event: 3241.493 GC heap before
{Heap before GC invocations=95 (full 0):
 garbage-first heap   total 406528K, used 366002K [0x0000000080000000, 0x0000000100000000)
  region size 1024K, 129 young (132096K), 14 survivors (14336K)
 Metaspace       used 250371K, committed 252224K, reserved 1310720K
  class space    used 31638K, committed 32512K, reserved 1048576K
}
Event: 3241.524 GC heap after
{Heap after GC invocations=96 (full 0):
 garbage-first heap   total 406528K, used 256000K [0x0000000080000000, 0x0000000100000000)
  region size 1024K, 13 young (13312K), 13 survivors (13312K)
 Metaspace       used 250371K, committed 252224K, reserved 1310720K
  class space    used 31638K, committed 32512K, reserved 1048576K
}
Event: 3245.360 GC heap before
{Heap before GC invocations=97 (full 0):
 garbage-first heap   total 427008K, used 370688K [0x0000000080000000, 0x0000000100000000)
  region size 1024K, 125 young (128000K), 13 survivors (13312K)
 Metaspace       used 253421K, committed 255296K, reserved 1310720K
  class space    used 31908K, committed 32832K, reserved 1048576K
}
Event: 3245.390 GC heap after
{Heap after GC invocations=98 (full 0):
 garbage-first heap   total 427008K, used 266240K [0x0000000080000000, 0x0000000100000000)
  region size 1024K, 16 young (16384K), 16 survivors (16384K)
 Metaspace       used 253421K, committed 255296K, reserved 1310720K
  class space    used 31908K, committed 32832K, reserved 1048576K
}
Event: 3248.735 GC heap before
{Heap before GC invocations=98 (full 0):
 garbage-first heap   total 427008K, used 390144K [0x0000000080000000, 0x0000000100000000)
  region size 1024K, 135 young (138240K), 16 survivors (16384K)
 Metaspace       used 260541K, committed 262528K, reserved 1310720K
  class space    used 32586K, committed 33536K, reserved 1048576K
}
Event: 3248.785 GC heap after
{Heap after GC invocations=99 (full 0):
 garbage-first heap   total 427008K, used 271360K [0x0000000080000000, 0x0000000100000000)
  region size 1024K, 14 young (14336K), 14 survivors (14336K)
 Metaspace       used 260541K, committed 262528K, reserved 1310720K
  class space    used 32586K, committed 33536K, reserved 1048576K
}
Event: 3250.145 GC heap before
{Heap before GC invocations=99 (full 0):
 garbage-first heap   total 427008K, used 388096K [0x0000000080000000, 0x0000000100000000)
  region size 1024K, 129 young (132096K), 14 survivors (14336K)
 Metaspace       used 260541K, committed 262528K, reserved 1310720K
  class space    used 32586K, committed 33536K, reserved 1048576K
}
Event: 3250.173 GC heap after
{Heap after GC invocations=100 (full 0):
 garbage-first heap   total 427008K, used 276480K [0x0000000080000000, 0x0000000100000000)
  region size 1024K, 7 young (7168K), 7 survivors (7168K)
 Metaspace       used 260541K, committed 262528K, reserved 1310720K
  class space    used 32586K, committed 33536K, reserved 1048576K
}
Event: 3251.901 GC heap before
{Heap before GC invocations=101 (full 0):
 garbage-first heap   total 460800K, used 394240K [0x0000000080000000, 0x0000000100000000)
  region size 1024K, 122 young (124928K), 7 survivors (7168K)
 Metaspace       used 260652K, committed 262592K, reserved 1310720K
  class space    used 32607K, committed 33536K, reserved 1048576K
}
Event: 3251.917 GC heap after
{Heap after GC invocations=102 (full 0):
 garbage-first heap   total 460800K, used 280366K [0x0000000080000000, 0x0000000100000000)
  region size 1024K, 11 young (11264K), 11 survivors (11264K)
 Metaspace       used 260652K, committed 262592K, reserved 1310720K
  class space    used 32607K, committed 33536K, reserved 1048576K
}

